C:\Program Files\Microsoft Visual Studio\2022\Community\MSBuild\Microsoft\VC\v170\Microsoft.CppBuild.targets(516,5): warning MSB8004: Intermediate Directory does not end with a trailing slash.  This build instance will add the slash as it is required to allow proper evaluation of the Intermediate Directory.
C:\Program Files\Microsoft Visual Studio\2022\Community\MSBuild\Microsoft\VC\v170\Microsoft.CppBuild.targets(517,5): warning MSB8004: Output Directory does not end with a trailing slash.  This build instance will add the slash as it is required to allow proper evaluation of the Output Directory.
          1 file(s) copied.
  entry.cpp
  raycaster.cpp
F:\Projects\Raycaster\raycaster\raycaster.cpp(55,11): warning C4244: 'initializing': conversion from 'double' to 'float', possible loss of data
F:\Projects\Raycaster\raycaster\raycaster.cpp(55,63): warning C4244: 'initializing': conversion from 'double' to 'float', possible loss of data
F:\Projects\Raycaster\raycaster\raycaster.cpp(56,11): warning C4244: 'initializing': conversion from 'double' to 'float', possible loss of data
F:\Projects\Raycaster\raycaster\raycaster.cpp(56,63): warning C4244: 'initializing': conversion from 'double' to 'float', possible loss of data
F:\Projects\Raycaster\raycaster\raycaster.cpp(55,6): warning C4244: 'initializing': conversion from 'double' to 'float', possible loss of data
F:\Projects\Raycaster\raycaster\raycaster.cpp(55,58): warning C4244: 'initializing': conversion from 'double' to 'float', possible loss of data
F:\Projects\Raycaster\raycaster\raycaster.cpp(56,6): warning C4244: 'initializing': conversion from 'double' to 'float', possible loss of data
F:\Projects\Raycaster\raycaster\raycaster.cpp(56,58): warning C4244: 'initializing': conversion from 'double' to 'float', possible loss of data
F:\Projects\Raycaster\raycaster\raycaster.cpp(81,16): warning C4244: 'initializing': conversion from 'double' to 'float', possible loss of data
F:\Projects\Raycaster\raycaster\raycaster.cpp(82,16): warning C4244: 'initializing': conversion from 'double' to 'float', possible loss of data
F:\Projects\Raycaster\raycaster\raycaster.cpp(87,19): warning C4244: 'initializing': conversion from 'double' to 'float', possible loss of data
F:\Projects\Raycaster\raycaster\raycaster.cpp(88,19): warning C4244: 'initializing': conversion from 'double' to 'float', possible loss of data
F:\Projects\Raycaster\raycaster\raycaster.cpp(101,40): warning C4244: '=': conversion from 'double' to 'float', possible loss of data
F:\Projects\Raycaster\raycaster\raycaster.cpp(109,40): warning C4244: '=': conversion from 'double' to 'float', possible loss of data
F:\Projects\Raycaster\raycaster\raycaster.cpp(123,22): warning C4244: 'argument': conversion from 'int' to 'float', possible loss of data
F:\Projects\Raycaster\raycaster\raycaster.cpp(123,16): warning C4244: 'argument': conversion from 'int' to 'float', possible loss of data
F:\Projects\Raycaster\raycaster\raycaster.cpp(137,26): warning C4244: 'initializing': conversion from 'double' to 'float', possible loss of data
F:\Projects\Raycaster\raycaster\raycaster.cpp(178,16): warning C4244: 'initializing': conversion from 'double' to 'float', possible loss of data
F:\Projects\Raycaster\raycaster\raycaster.cpp(179,16): warning C4244: 'initializing': conversion from 'double' to 'float', possible loss of data
F:\Projects\Raycaster\raycaster\raycaster.cpp(199,26): warning C4244: 'initializing': conversion from 'double' to 'float', possible loss of data
F:\Projects\Raycaster\raycaster\raycaster.cpp(209,17): warning C4244: 'initializing': conversion from 'double' to 'float', possible loss of data
F:\Projects\Raycaster\raycaster\raycaster.cpp(248,53): warning C4244: 'initializing': conversion from 'int' to 'float', possible loss of data
F:\Projects\Raycaster\raycaster\raycaster.cpp(248,23): warning C4244: 'initializing': conversion from 'int' to 'const float', possible loss of data
F:\Projects\Raycaster\raycaster\raycaster.cpp(262,17): warning C4244: 'initializing': conversion from 'double' to 'float', possible loss of data
F:\Projects\Raycaster\raycaster\raycaster.cpp(268,15): warning C4305: 'initializing': truncation from 'double' to 'float'
F:\Projects\Raycaster\raycaster\raycaster.cpp(325,80): warning C4244: 'argument': conversion from 'float' to 'int', possible loss of data
F:\Projects\Raycaster\raycaster\raycaster.cpp(325,38): warning C4244: 'argument': conversion from 'float' to 'int', possible loss of data
F:\Projects\Raycaster\raycaster\raycaster.cpp(331,18): warning C4244: 'argument': conversion from 'int' to 'float', possible loss of data
F:\Projects\Raycaster\raycaster\raycaster.cpp(331,15): warning C4244: 'argument': conversion from 'int' to 'float', possible loss of data
F:\Projects\Raycaster\raycaster\raycaster.cpp(333,120): warning C4244: 'argument': conversion from 'float' to 'int', possible loss of data
F:\Projects\Raycaster\raycaster\raycaster.cpp(333,91): warning C4244: 'argument': conversion from 'float' to 'int', possible loss of data
F:\Projects\Raycaster\raycaster\raycaster.cpp(333,60): warning C4244: 'argument': conversion from 'float' to 'int', possible loss of data
F:\Projects\Raycaster\raycaster\raycaster.cpp(333,27): warning C4244: 'argument': conversion from 'float' to 'int', possible loss of data
F:\Projects\Raycaster\raycaster\raycaster.cpp(338,233): warning C4244: 'argument': conversion from 'float' to 'int', possible loss of data
F:\Projects\Raycaster\raycaster\raycaster.cpp(338,200): warning C4244: 'argument': conversion from 'float' to 'int', possible loss of data
F:\Projects\Raycaster\raycaster\raycaster.cpp(338,137): warning C4244: 'argument': conversion from 'float' to 'int', possible loss of data
F:\Projects\Raycaster\raycaster\raycaster.cpp(338,62): warning C4244: 'argument': conversion from 'float' to 'int', possible loss of data
F:\Projects\Raycaster\raycaster\raycaster.cpp(355,320): warning C4244: 'argument': conversion from 'double' to 'float', possible loss of data
F:\Projects\Raycaster\raycaster\raycaster.cpp(355,238): warning C4244: 'argument': conversion from 'double' to 'float', possible loss of data
F:\Projects\Raycaster\raycaster\raycaster.cpp(355,156): warning C4244: 'argument': conversion from 'double' to 'float', possible loss of data
F:\Projects\Raycaster\raycaster\raycaster.cpp(355,74): warning C4244: 'argument': conversion from 'double' to 'float', possible loss of data
F:\Projects\Raycaster\raycaster\raycaster.cpp(356,63): warning C4244: 'argument': conversion from 'float' to 'int', possible loss of data
F:\Projects\Raycaster\raycaster\raycaster.cpp(356,28): warning C4244: 'argument': conversion from 'float' to 'int', possible loss of data
  Generating code
  15 of 413 functions ( 3.6%) were compiled, the rest were copied from previous compilation.
    0 functions were new in current compilation
    8 functions had inline decision re-evaluated but remain unchanged
  Finished generating code
  Raycaster.vcxproj -> F:\Projects\Raycaster\Release\x64\Raycaster.exe
